<?xml version="1.0" encoding="UTF-8"?>
<testng-results ignored="0" total="69" passed="69" failed="0" skipped="0">
  <reporter-output>
  </reporter-output>
  <suite started-at="2023-05-22T11:30:37 CDT" name="Default suite" finished-at="2023-05-22T11:34:04 CDT" duration-ms="206785">
    <groups>
      <group name="cucumber">
        <method signature="AbstractTestNGCucumberTests.runScenario(io.cucumber.testng.PickleWrapper,io.cucumber.testng.FeatureWrapper)[pri:0, instance:runner.testRunner@3e2055d6]" name="runScenario" class="io.cucumber.testng.AbstractTestNGCucumberTests"/>
      </group> <!-- cucumber -->
    </groups>
    <test started-at="2023-05-22T11:30:37 CDT" name="Default test" finished-at="2023-05-22T11:34:04 CDT" duration-ms="206785">
      <class name="runner.testRunner">
        <test-method is-config="true" signature="setUpClass(org.testng.ITestContext)[pri:0, instance:runner.testRunner@3e2055d6]" started-at="2023-05-22T11:30:37 CDT" name="setUpClass" finished-at="2023-05-22T11:30:38 CDT" duration-ms="1029" status="PASS">
          <params>
            <param index="0">
              <value>
                <![CDATA[org.testng.TestRunner@4057babc]]>
              </value>
            </param>
          </params>
          <reporter-output>
          </reporter-output>
        </test-method> <!-- setUpClass -->
        <test-method signature="runScenario(io.cucumber.testng.PickleWrapper,io.cucumber.testng.FeatureWrapper)[pri:0, instance:runner.testRunner@3e2055d6]" started-at="2023-05-22T11:30:38 CDT" name="runScenario" description="Runs Cucumber Scenarios" data-provider="scenarios" finished-at="2023-05-22T11:30:43 CDT" duration-ms="5064" status="PASS">
          <params>
            <param index="0">
              <value>
                <![CDATA["User launch Start page of an dsalgo project"]]>
              </value>
            </param>
            <param index="1">
              <value>
                <![CDATA["Optional[GetStart Page]"]]>
              </value>
            </param>
          </params>
          <reporter-output>
          </reporter-output>
        </test-method> <!-- runScenario -->
        <test-method signature="runScenario(io.cucumber.testng.PickleWrapper,io.cucumber.testng.FeatureWrapper)[pri:0, instance:runner.testRunner@3e2055d6]" started-at="2023-05-22T11:30:43 CDT" name="runScenario" description="Runs Cucumber Scenarios" data-provider="scenarios" finished-at="2023-05-22T11:30:46 CDT" duration-ms="2868" status="PASS">
          <params>
            <param index="0">
              <value>
                <![CDATA["User is on Home page and click getstarted link/dropbox on  home page without sign in"]]>
              </value>
            </param>
            <param index="1">
              <value>
                <![CDATA["Optional[Home Page]"]]>
              </value>
            </param>
          </params>
          <reporter-output>
          </reporter-output>
        </test-method> <!-- runScenario -->
        <test-method signature="runScenario(io.cucumber.testng.PickleWrapper,io.cucumber.testng.FeatureWrapper)[pri:0, instance:runner.testRunner@3e2055d6]" started-at="2023-05-22T11:30:46 CDT" name="runScenario" description="Runs Cucumber Scenarios" data-provider="scenarios" finished-at="2023-05-22T11:30:49 CDT" duration-ms="2881" status="PASS">
          <params>
            <param index="0">
              <value>
                <![CDATA["User click register button on Home page"]]>
              </value>
            </param>
            <param index="1">
              <value>
                <![CDATA["Optional[Register Page validation]"]]>
              </value>
            </param>
          </params>
          <reporter-output>
          </reporter-output>
        </test-method> <!-- runScenario -->
        <test-method signature="runScenario(io.cucumber.testng.PickleWrapper,io.cucumber.testng.FeatureWrapper)[pri:0, instance:runner.testRunner@3e2055d6]" started-at="2023-05-22T11:30:49 CDT" name="runScenario" description="Runs Cucumber Scenarios" data-provider="scenarios" finished-at="2023-05-22T11:30:50 CDT" duration-ms="1022" status="PASS">
          <params>
            <param index="0">
              <value>
                <![CDATA["User click register button with all fields blank"]]>
              </value>
            </param>
            <param index="1">
              <value>
                <![CDATA["Optional[Register Page validation]"]]>
              </value>
            </param>
          </params>
          <reporter-output>
          </reporter-output>
        </test-method> <!-- runScenario -->
        <test-method signature="runScenario(io.cucumber.testng.PickleWrapper,io.cucumber.testng.FeatureWrapper)[pri:0, instance:runner.testRunner@3e2055d6]" started-at="2023-05-22T11:30:50 CDT" name="runScenario" description="Runs Cucumber Scenarios" data-provider="scenarios" finished-at="2023-05-22T11:30:51 CDT" duration-ms="1049" status="PASS">
          <params>
            <param index="0">
              <value>
                <![CDATA["User click on register button with Password field blank"]]>
              </value>
            </param>
            <param index="1">
              <value>
                <![CDATA["Optional[Register Page validation]"]]>
              </value>
            </param>
          </params>
          <reporter-output>
          </reporter-output>
        </test-method> <!-- runScenario -->
        <test-method signature="runScenario(io.cucumber.testng.PickleWrapper,io.cucumber.testng.FeatureWrapper)[pri:0, instance:runner.testRunner@3e2055d6]" started-at="2023-05-22T11:30:51 CDT" name="runScenario" description="Runs Cucumber Scenarios" data-provider="scenarios" finished-at="2023-05-22T11:30:52 CDT" duration-ms="942" status="PASS">
          <params>
            <param index="0">
              <value>
                <![CDATA["User click on register button with valid Username & Password and confirm Password field as blank"]]>
              </value>
            </param>
            <param index="1">
              <value>
                <![CDATA["Optional[Register Page validation]"]]>
              </value>
            </param>
          </params>
          <reporter-output>
          </reporter-output>
        </test-method> <!-- runScenario -->
        <test-method signature="runScenario(io.cucumber.testng.PickleWrapper,io.cucumber.testng.FeatureWrapper)[pri:0, instance:runner.testRunner@3e2055d6]" started-at="2023-05-22T11:30:52 CDT" name="runScenario" description="Runs Cucumber Scenarios" data-provider="scenarios" finished-at="2023-05-22T11:30:54 CDT" duration-ms="2355" status="PASS">
          <params>
            <param index="0">
              <value>
                <![CDATA["The user is on Register Page and entered invalid user Details"]]>
              </value>
            </param>
            <param index="1">
              <value>
                <![CDATA["Optional[Register Page validation]"]]>
              </value>
            </param>
          </params>
          <reporter-output>
          </reporter-output>
        </test-method> <!-- runScenario -->
        <test-method signature="runScenario(io.cucumber.testng.PickleWrapper,io.cucumber.testng.FeatureWrapper)[pri:0, instance:runner.testRunner@3e2055d6]" started-at="2023-05-22T11:30:54 CDT" name="runScenario" description="Runs Cucumber Scenarios" data-provider="scenarios" finished-at="2023-05-22T11:30:56 CDT" duration-ms="1627" status="PASS">
          <params>
            <param index="0">
              <value>
                <![CDATA["The user is on Register Page and entered invalid user Details"]]>
              </value>
            </param>
            <param index="1">
              <value>
                <![CDATA["Optional[Register Page validation]"]]>
              </value>
            </param>
          </params>
          <reporter-output>
          </reporter-output>
        </test-method> <!-- runScenario -->
        <test-method signature="runScenario(io.cucumber.testng.PickleWrapper,io.cucumber.testng.FeatureWrapper)[pri:0, instance:runner.testRunner@3e2055d6]" started-at="2023-05-22T11:30:56 CDT" name="runScenario" description="Runs Cucumber Scenarios" data-provider="scenarios" finished-at="2023-05-22T11:30:58 CDT" duration-ms="1655" status="PASS">
          <params>
            <param index="0">
              <value>
                <![CDATA["The user is on Register Page and entered invalid user Details"]]>
              </value>
            </param>
            <param index="1">
              <value>
                <![CDATA["Optional[Register Page validation]"]]>
              </value>
            </param>
          </params>
          <reporter-output>
          </reporter-output>
        </test-method> <!-- runScenario -->
        <test-method signature="runScenario(io.cucumber.testng.PickleWrapper,io.cucumber.testng.FeatureWrapper)[pri:0, instance:runner.testRunner@3e2055d6]" started-at="2023-05-22T11:30:58 CDT" name="runScenario" description="Runs Cucumber Scenarios" data-provider="scenarios" finished-at="2023-05-22T11:30:59 CDT" duration-ms="1668" status="PASS">
          <params>
            <param index="0">
              <value>
                <![CDATA["The user is on Register Page and entered invalid user Details"]]>
              </value>
            </param>
            <param index="1">
              <value>
                <![CDATA["Optional[Register Page validation]"]]>
              </value>
            </param>
          </params>
          <reporter-output>
          </reporter-output>
        </test-method> <!-- runScenario -->
        <test-method signature="runScenario(io.cucumber.testng.PickleWrapper,io.cucumber.testng.FeatureWrapper)[pri:0, instance:runner.testRunner@3e2055d6]" started-at="2023-05-22T11:30:59 CDT" name="runScenario" description="Runs Cucumber Scenarios" data-provider="scenarios" finished-at="2023-05-22T11:31:03 CDT" duration-ms="3247" status="PASS">
          <params>
            <param index="0">
              <value>
                <![CDATA["The user opens Register Page and entered valid user Details"]]>
              </value>
            </param>
            <param index="1">
              <value>
                <![CDATA["Optional[Register Page validation]"]]>
              </value>
            </param>
          </params>
          <reporter-output>
          </reporter-output>
        </test-method> <!-- runScenario -->
        <test-method signature="runScenario(io.cucumber.testng.PickleWrapper,io.cucumber.testng.FeatureWrapper)[pri:0, instance:runner.testRunner@3e2055d6]" started-at="2023-05-22T11:31:03 CDT" name="runScenario" description="Runs Cucumber Scenarios" data-provider="scenarios" finished-at="2023-05-22T11:31:05 CDT" duration-ms="2364" status="PASS">
          <params>
            <param index="0">
              <value>
                <![CDATA["User logout from application after registration"]]>
              </value>
            </param>
            <param index="1">
              <value>
                <![CDATA["Optional[Register Page validation]"]]>
              </value>
            </param>
          </params>
          <reporter-output>
          </reporter-output>
        </test-method> <!-- runScenario -->
        <test-method signature="runScenario(io.cucumber.testng.PickleWrapper,io.cucumber.testng.FeatureWrapper)[pri:0, instance:runner.testRunner@3e2055d6]" started-at="2023-05-22T11:31:05 CDT" name="runScenario" description="Runs Cucumber Scenarios" data-provider="scenarios" finished-at="2023-05-22T11:31:10 CDT" duration-ms="5479" status="PASS">
          <params>
            <param index="0">
              <value>
                <![CDATA["User entered invalid login details on Login Page"]]>
              </value>
            </param>
            <param index="1">
              <value>
                <![CDATA["Optional[SignIn]"]]>
              </value>
            </param>
          </params>
          <reporter-output>
          </reporter-output>
        </test-method> <!-- runScenario -->
        <test-method signature="runScenario(io.cucumber.testng.PickleWrapper,io.cucumber.testng.FeatureWrapper)[pri:0, instance:runner.testRunner@3e2055d6]" started-at="2023-05-22T11:31:10 CDT" name="runScenario" description="Runs Cucumber Scenarios" data-provider="scenarios" finished-at="2023-05-22T11:31:16 CDT" duration-ms="5374" status="PASS">
          <params>
            <param index="0">
              <value>
                <![CDATA["User entered invalid login details on Login Page"]]>
              </value>
            </param>
            <param index="1">
              <value>
                <![CDATA["Optional[SignIn]"]]>
              </value>
            </param>
          </params>
          <reporter-output>
          </reporter-output>
        </test-method> <!-- runScenario -->
        <test-method signature="runScenario(io.cucumber.testng.PickleWrapper,io.cucumber.testng.FeatureWrapper)[pri:0, instance:runner.testRunner@3e2055d6]" started-at="2023-05-22T11:31:16 CDT" name="runScenario" description="Runs Cucumber Scenarios" data-provider="scenarios" finished-at="2023-05-22T11:31:23 CDT" duration-ms="7404" status="PASS">
          <params>
            <param index="0">
              <value>
                <![CDATA["User entered valid login details on Login Page"]]>
              </value>
            </param>
            <param index="1">
              <value>
                <![CDATA["Optional[SignIn]"]]>
              </value>
            </param>
          </params>
          <reporter-output>
          </reporter-output>
        </test-method> <!-- runScenario -->
        <test-method signature="runScenario(io.cucumber.testng.PickleWrapper,io.cucumber.testng.FeatureWrapper)[pri:0, instance:runner.testRunner@3e2055d6]" started-at="2023-05-22T11:31:23 CDT" name="runScenario" description="Runs Cucumber Scenarios" data-provider="scenarios" finished-at="2023-05-22T11:31:29 CDT" duration-ms="5333" status="PASS">
          <params>
            <param index="0">
              <value>
                <![CDATA["User entered valid login details on Login Page and logged in"]]>
              </value>
            </param>
            <param index="1">
              <value>
                <![CDATA["Optional[Data Structure Intro]"]]>
              </value>
            </param>
          </params>
          <reporter-output>
          </reporter-output>
        </test-method> <!-- runScenario -->
        <test-method signature="runScenario(io.cucumber.testng.PickleWrapper,io.cucumber.testng.FeatureWrapper)[pri:0, instance:runner.testRunner@3e2055d6]" started-at="2023-05-22T11:31:29 CDT" name="runScenario" description="Runs Cucumber Scenarios" data-provider="scenarios" finished-at="2023-05-22T11:31:30 CDT" duration-ms="1768" status="PASS">
          <params>
            <param index="0">
              <value>
                <![CDATA["User navigate to Data Structure Page for selected Topic and click on Try Here button"]]>
              </value>
            </param>
            <param index="1">
              <value>
                <![CDATA["Optional[Data Structure Intro]"]]>
              </value>
            </param>
          </params>
          <reporter-output>
          </reporter-output>
        </test-method> <!-- runScenario -->
        <test-method signature="runScenario(io.cucumber.testng.PickleWrapper,io.cucumber.testng.FeatureWrapper)[pri:0, instance:runner.testRunner@3e2055d6]" started-at="2023-05-22T11:31:30 CDT" name="runScenario" description="Runs Cucumber Scenarios" data-provider="scenarios" finished-at="2023-05-22T11:31:32 CDT" duration-ms="1455" status="PASS">
          <params>
            <param index="0">
              <value>
                <![CDATA["User enter valid and invalid python code in tryEditor"]]>
              </value>
            </param>
            <param index="1">
              <value>
                <![CDATA["Optional[Data Structure Intro]"]]>
              </value>
            </param>
          </params>
          <reporter-output>
          </reporter-output>
        </test-method> <!-- runScenario -->
        <test-method signature="runScenario(io.cucumber.testng.PickleWrapper,io.cucumber.testng.FeatureWrapper)[pri:0, instance:runner.testRunner@3e2055d6]" started-at="2023-05-22T11:31:32 CDT" name="runScenario" description="Runs Cucumber Scenarios" data-provider="scenarios" finished-at="2023-05-22T11:31:34 CDT" duration-ms="2420" status="PASS">
          <params>
            <param index="0">
              <value>
                <![CDATA["User enter valid and invalid python code in tryEditor"]]>
              </value>
            </param>
            <param index="1">
              <value>
                <![CDATA["Optional[Data Structure Intro]"]]>
              </value>
            </param>
          </params>
          <reporter-output>
          </reporter-output>
        </test-method> <!-- runScenario -->
        <test-method signature="runScenario(io.cucumber.testng.PickleWrapper,io.cucumber.testng.FeatureWrapper)[pri:0, instance:runner.testRunner@3e2055d6]" started-at="2023-05-22T11:31:34 CDT" name="runScenario" description="Runs Cucumber Scenarios" data-provider="scenarios" finished-at="2023-05-22T11:31:34 CDT" duration-ms="232" status="PASS">
          <params>
            <param index="0">
              <value>
                <![CDATA["User navigate to Data Structure from dropdown and try Practice Question Page"]]>
              </value>
            </param>
            <param index="1">
              <value>
                <![CDATA["Optional[Data Structure Intro]"]]>
              </value>
            </param>
          </params>
          <reporter-output>
          </reporter-output>
        </test-method> <!-- runScenario -->
        <test-method signature="runScenario(io.cucumber.testng.PickleWrapper,io.cucumber.testng.FeatureWrapper)[pri:0, instance:runner.testRunner@3e2055d6]" started-at="2023-05-22T11:31:34 CDT" name="runScenario" description="Runs Cucumber Scenarios" data-provider="scenarios" finished-at="2023-05-22T11:31:36 CDT" duration-ms="1846" status="PASS">
          <params>
            <param index="0">
              <value>
                <![CDATA["User validate dropbox"]]>
              </value>
            </param>
            <param index="1">
              <value>
                <![CDATA["Optional[Array Page]"]]>
              </value>
            </param>
          </params>
          <reporter-output>
          </reporter-output>
        </test-method> <!-- runScenario -->
        <test-method signature="runScenario(io.cucumber.testng.PickleWrapper,io.cucumber.testng.FeatureWrapper)[pri:0, instance:runner.testRunner@3e2055d6]" started-at="2023-05-22T11:31:36 CDT" name="runScenario" description="Runs Cucumber Scenarios" data-provider="scenarios" finished-at="2023-05-22T11:31:40 CDT" duration-ms="3841" status="PASS">
          <params>
            <param index="0">
              <value>
                <![CDATA["User validate ArrayPage"]]>
              </value>
            </param>
            <param index="1">
              <value>
                <![CDATA["Optional[Array Page]"]]>
              </value>
            </param>
          </params>
          <reporter-output>
          </reporter-output>
        </test-method> <!-- runScenario -->
        <test-method signature="runScenario(io.cucumber.testng.PickleWrapper,io.cucumber.testng.FeatureWrapper)[pri:0, instance:runner.testRunner@3e2055d6]" started-at="2023-05-22T11:31:40 CDT" name="runScenario" description="Runs Cucumber Scenarios" data-provider="scenarios" finished-at="2023-05-22T11:31:43 CDT" duration-ms="3258" status="PASS">
          <params>
            <param index="0">
              <value>
                <![CDATA["User validate ArrayPage"]]>
              </value>
            </param>
            <param index="1">
              <value>
                <![CDATA["Optional[Array Page]"]]>
              </value>
            </param>
          </params>
          <reporter-output>
          </reporter-output>
        </test-method> <!-- runScenario -->
        <test-method signature="runScenario(io.cucumber.testng.PickleWrapper,io.cucumber.testng.FeatureWrapper)[pri:0, instance:runner.testRunner@3e2055d6]" started-at="2023-05-22T11:31:43 CDT" name="runScenario" description="Runs Cucumber Scenarios" data-provider="scenarios" finished-at="2023-05-22T11:31:47 CDT" duration-ms="3293" status="PASS">
          <params>
            <param index="0">
              <value>
                <![CDATA["User validate ArrayPage"]]>
              </value>
            </param>
            <param index="1">
              <value>
                <![CDATA["Optional[Array Page]"]]>
              </value>
            </param>
          </params>
          <reporter-output>
          </reporter-output>
        </test-method> <!-- runScenario -->
        <test-method signature="runScenario(io.cucumber.testng.PickleWrapper,io.cucumber.testng.FeatureWrapper)[pri:0, instance:runner.testRunner@3e2055d6]" started-at="2023-05-22T11:31:47 CDT" name="runScenario" description="Runs Cucumber Scenarios" data-provider="scenarios" finished-at="2023-05-22T11:31:50 CDT" duration-ms="3302" status="PASS">
          <params>
            <param index="0">
              <value>
                <![CDATA["User validate ArrayPage"]]>
              </value>
            </param>
            <param index="1">
              <value>
                <![CDATA["Optional[Array Page]"]]>
              </value>
            </param>
          </params>
          <reporter-output>
          </reporter-output>
        </test-method> <!-- runScenario -->
        <test-method signature="runScenario(io.cucumber.testng.PickleWrapper,io.cucumber.testng.FeatureWrapper)[pri:0, instance:runner.testRunner@3e2055d6]" started-at="2023-05-22T11:31:50 CDT" name="runScenario" description="Runs Cucumber Scenarios" data-provider="scenarios" finished-at="2023-05-22T11:31:50 CDT" duration-ms="204" status="PASS">
          <params>
            <param index="0">
              <value>
                <![CDATA["PracticeQuestion Page"]]>
              </value>
            </param>
            <param index="1">
              <value>
                <![CDATA["Optional[Array Page]"]]>
              </value>
            </param>
          </params>
          <reporter-output>
          </reporter-output>
        </test-method> <!-- runScenario -->
        <test-method signature="runScenario(io.cucumber.testng.PickleWrapper,io.cucumber.testng.FeatureWrapper)[pri:0, instance:runner.testRunner@3e2055d6]" started-at="2023-05-22T11:31:50 CDT" name="runScenario" description="Runs Cucumber Scenarios" data-provider="scenarios" finished-at="2023-05-22T11:31:53 CDT" duration-ms="2924" status="PASS">
          <params>
            <param index="0">
              <value>
                <![CDATA["User validate PracticeQuestion Array Page"]]>
              </value>
            </param>
            <param index="1">
              <value>
                <![CDATA["Optional[Array Page]"]]>
              </value>
            </param>
          </params>
          <reporter-output>
          </reporter-output>
        </test-method> <!-- runScenario -->
        <test-method signature="runScenario(io.cucumber.testng.PickleWrapper,io.cucumber.testng.FeatureWrapper)[pri:0, instance:runner.testRunner@3e2055d6]" started-at="2023-05-22T11:31:53 CDT" name="runScenario" description="Runs Cucumber Scenarios" data-provider="scenarios" finished-at="2023-05-22T11:31:56 CDT" duration-ms="2885" status="PASS">
          <params>
            <param index="0">
              <value>
                <![CDATA["User validate PracticeQuestion Array Page"]]>
              </value>
            </param>
            <param index="1">
              <value>
                <![CDATA["Optional[Array Page]"]]>
              </value>
            </param>
          </params>
          <reporter-output>
          </reporter-output>
        </test-method> <!-- runScenario -->
        <test-method signature="runScenario(io.cucumber.testng.PickleWrapper,io.cucumber.testng.FeatureWrapper)[pri:0, instance:runner.testRunner@3e2055d6]" started-at="2023-05-22T11:31:56 CDT" name="runScenario" description="Runs Cucumber Scenarios" data-provider="scenarios" finished-at="2023-05-22T11:31:59 CDT" duration-ms="2873" status="PASS">
          <params>
            <param index="0">
              <value>
                <![CDATA["User validate PracticeQuestion Array Page"]]>
              </value>
            </param>
            <param index="1">
              <value>
                <![CDATA["Optional[Array Page]"]]>
              </value>
            </param>
          </params>
          <reporter-output>
          </reporter-output>
        </test-method> <!-- runScenario -->
        <test-method signature="runScenario(io.cucumber.testng.PickleWrapper,io.cucumber.testng.FeatureWrapper)[pri:0, instance:runner.testRunner@3e2055d6]" started-at="2023-05-22T11:31:59 CDT" name="runScenario" description="Runs Cucumber Scenarios" data-provider="scenarios" finished-at="2023-05-22T11:32:02 CDT" duration-ms="2964" status="PASS">
          <params>
            <param index="0">
              <value>
                <![CDATA["User validate PracticeQuestion Array Page"]]>
              </value>
            </param>
            <param index="1">
              <value>
                <![CDATA["Optional[Array Page]"]]>
              </value>
            </param>
          </params>
          <reporter-output>
          </reporter-output>
        </test-method> <!-- runScenario -->
        <test-method signature="runScenario(io.cucumber.testng.PickleWrapper,io.cucumber.testng.FeatureWrapper)[pri:0, instance:runner.testRunner@3e2055d6]" started-at="2023-05-22T11:32:02 CDT" name="runScenario" description="Runs Cucumber Scenarios" data-provider="scenarios" finished-at="2023-05-22T11:32:04 CDT" duration-ms="1980" status="PASS">
          <params>
            <param index="0">
              <value>
                <![CDATA["User navigate to Linked List Page for selected Topic"]]>
              </value>
            </param>
            <param index="1">
              <value>
                <![CDATA["Optional[Linked List]"]]>
              </value>
            </param>
          </params>
          <reporter-output>
          </reporter-output>
        </test-method> <!-- runScenario -->
        <test-method signature="runScenario(io.cucumber.testng.PickleWrapper,io.cucumber.testng.FeatureWrapper)[pri:0, instance:runner.testRunner@3e2055d6]" started-at="2023-05-22T11:32:04 CDT" name="runScenario" description="Runs Cucumber Scenarios" data-provider="scenarios" finished-at="2023-05-22T11:32:06 CDT" duration-ms="2505" status="PASS">
          <params>
            <param index="0">
              <value>
                <![CDATA["User click on Try Here button and enter valid and invalid python code in tryEditor for LinkedList"]]>
              </value>
            </param>
            <param index="1">
              <value>
                <![CDATA["Optional[Linked List]"]]>
              </value>
            </param>
          </params>
          <reporter-output>
          </reporter-output>
        </test-method> <!-- runScenario -->
        <test-method signature="runScenario(io.cucumber.testng.PickleWrapper,io.cucumber.testng.FeatureWrapper)[pri:0, instance:runner.testRunner@3e2055d6]" started-at="2023-05-22T11:32:06 CDT" name="runScenario" description="Runs Cucumber Scenarios" data-provider="scenarios" finished-at="2023-05-22T11:32:09 CDT" duration-ms="2315" status="PASS">
          <params>
            <param index="0">
              <value>
                <![CDATA["User click on Try Here button and enter valid and invalid python code in tryEditor for LinkedList"]]>
              </value>
            </param>
            <param index="1">
              <value>
                <![CDATA["Optional[Linked List]"]]>
              </value>
            </param>
          </params>
          <reporter-output>
          </reporter-output>
        </test-method> <!-- runScenario -->
        <test-method signature="runScenario(io.cucumber.testng.PickleWrapper,io.cucumber.testng.FeatureWrapper)[pri:0, instance:runner.testRunner@3e2055d6]" started-at="2023-05-22T11:32:09 CDT" name="runScenario" description="Runs Cucumber Scenarios" data-provider="scenarios" finished-at="2023-05-22T11:32:11 CDT" duration-ms="2482" status="PASS">
          <params>
            <param index="0">
              <value>
                <![CDATA["User click on Try Here button and enter valid and invalid python code in tryEditor for LinkedList"]]>
              </value>
            </param>
            <param index="1">
              <value>
                <![CDATA["Optional[Linked List]"]]>
              </value>
            </param>
          </params>
          <reporter-output>
          </reporter-output>
        </test-method> <!-- runScenario -->
        <test-method signature="runScenario(io.cucumber.testng.PickleWrapper,io.cucumber.testng.FeatureWrapper)[pri:0, instance:runner.testRunner@3e2055d6]" started-at="2023-05-22T11:32:11 CDT" name="runScenario" description="Runs Cucumber Scenarios" data-provider="scenarios" finished-at="2023-05-22T11:32:14 CDT" duration-ms="2377" status="PASS">
          <params>
            <param index="0">
              <value>
                <![CDATA["User click on Try Here button and enter valid and invalid python code in tryEditor for LinkedList"]]>
              </value>
            </param>
            <param index="1">
              <value>
                <![CDATA["Optional[Linked List]"]]>
              </value>
            </param>
          </params>
          <reporter-output>
          </reporter-output>
        </test-method> <!-- runScenario -->
        <test-method signature="runScenario(io.cucumber.testng.PickleWrapper,io.cucumber.testng.FeatureWrapper)[pri:0, instance:runner.testRunner@3e2055d6]" started-at="2023-05-22T11:32:14 CDT" name="runScenario" description="Runs Cucumber Scenarios" data-provider="scenarios" finished-at="2023-05-22T11:32:16 CDT" duration-ms="2507" status="PASS">
          <params>
            <param index="0">
              <value>
                <![CDATA["User click on Try Here button and enter valid and invalid python code in tryEditor for LinkedList"]]>
              </value>
            </param>
            <param index="1">
              <value>
                <![CDATA["Optional[Linked List]"]]>
              </value>
            </param>
          </params>
          <reporter-output>
          </reporter-output>
        </test-method> <!-- runScenario -->
        <test-method signature="runScenario(io.cucumber.testng.PickleWrapper,io.cucumber.testng.FeatureWrapper)[pri:0, instance:runner.testRunner@3e2055d6]" started-at="2023-05-22T11:32:16 CDT" name="runScenario" description="Runs Cucumber Scenarios" data-provider="scenarios" finished-at="2023-05-22T11:32:18 CDT" duration-ms="2384" status="PASS">
          <params>
            <param index="0">
              <value>
                <![CDATA["User click on Try Here button and enter valid and invalid python code in tryEditor for LinkedList"]]>
              </value>
            </param>
            <param index="1">
              <value>
                <![CDATA["Optional[Linked List]"]]>
              </value>
            </param>
          </params>
          <reporter-output>
          </reporter-output>
        </test-method> <!-- runScenario -->
        <test-method signature="runScenario(io.cucumber.testng.PickleWrapper,io.cucumber.testng.FeatureWrapper)[pri:0, instance:runner.testRunner@3e2055d6]" started-at="2023-05-22T11:32:18 CDT" name="runScenario" description="Runs Cucumber Scenarios" data-provider="scenarios" finished-at="2023-05-22T11:32:21 CDT" duration-ms="2339" status="PASS">
          <params>
            <param index="0">
              <value>
                <![CDATA["User click on Try Here button and enter valid and invalid python code in tryEditor for LinkedList"]]>
              </value>
            </param>
            <param index="1">
              <value>
                <![CDATA["Optional[Linked List]"]]>
              </value>
            </param>
          </params>
          <reporter-output>
          </reporter-output>
        </test-method> <!-- runScenario -->
        <test-method signature="runScenario(io.cucumber.testng.PickleWrapper,io.cucumber.testng.FeatureWrapper)[pri:0, instance:runner.testRunner@3e2055d6]" started-at="2023-05-22T11:32:21 CDT" name="runScenario" description="Runs Cucumber Scenarios" data-provider="scenarios" finished-at="2023-05-22T11:32:21 CDT" duration-ms="183" status="PASS">
          <params>
            <param index="0">
              <value>
                <![CDATA["User navigate back to selected LinkedList Topic Page and try Practice Question Page"]]>
              </value>
            </param>
            <param index="1">
              <value>
                <![CDATA["Optional[Linked List]"]]>
              </value>
            </param>
          </params>
          <reporter-output>
          </reporter-output>
        </test-method> <!-- runScenario -->
        <test-method signature="runScenario(io.cucumber.testng.PickleWrapper,io.cucumber.testng.FeatureWrapper)[pri:0, instance:runner.testRunner@3e2055d6]" started-at="2023-05-22T11:32:21 CDT" name="runScenario" description="Runs Cucumber Scenarios" data-provider="scenarios" finished-at="2023-05-22T11:32:25 CDT" duration-ms="3558" status="PASS">
          <params>
            <param index="0">
              <value>
                <![CDATA["User navigate to Stack Page for selected Topic"]]>
              </value>
            </param>
            <param index="1">
              <value>
                <![CDATA["Optional[Stack]"]]>
              </value>
            </param>
          </params>
          <reporter-output>
          </reporter-output>
        </test-method> <!-- runScenario -->
        <test-method signature="runScenario(io.cucumber.testng.PickleWrapper,io.cucumber.testng.FeatureWrapper)[pri:0, instance:runner.testRunner@3e2055d6]" started-at="2023-05-22T11:32:25 CDT" name="runScenario" description="Runs Cucumber Scenarios" data-provider="scenarios" finished-at="2023-05-22T11:32:27 CDT" duration-ms="2720" status="PASS">
          <params>
            <param index="0">
              <value>
                <![CDATA["User click on Try Here button and enter valid and invalid python code in tryEditor for Stack"]]>
              </value>
            </param>
            <param index="1">
              <value>
                <![CDATA["Optional[Stack]"]]>
              </value>
            </param>
          </params>
          <reporter-output>
          </reporter-output>
        </test-method> <!-- runScenario -->
        <test-method signature="runScenario(io.cucumber.testng.PickleWrapper,io.cucumber.testng.FeatureWrapper)[pri:0, instance:runner.testRunner@3e2055d6]" started-at="2023-05-22T11:32:27 CDT" name="runScenario" description="Runs Cucumber Scenarios" data-provider="scenarios" finished-at="2023-05-22T11:32:30 CDT" duration-ms="2536" status="PASS">
          <params>
            <param index="0">
              <value>
                <![CDATA["User click on Try Here button and enter valid and invalid python code in tryEditor for Stack"]]>
              </value>
            </param>
            <param index="1">
              <value>
                <![CDATA["Optional[Stack]"]]>
              </value>
            </param>
          </params>
          <reporter-output>
          </reporter-output>
        </test-method> <!-- runScenario -->
        <test-method signature="runScenario(io.cucumber.testng.PickleWrapper,io.cucumber.testng.FeatureWrapper)[pri:0, instance:runner.testRunner@3e2055d6]" started-at="2023-05-22T11:32:30 CDT" name="runScenario" description="Runs Cucumber Scenarios" data-provider="scenarios" finished-at="2023-05-22T11:32:32 CDT" duration-ms="2553" status="PASS">
          <params>
            <param index="0">
              <value>
                <![CDATA["User click on Try Here button and enter valid and invalid python code in tryEditor for Stack"]]>
              </value>
            </param>
            <param index="1">
              <value>
                <![CDATA["Optional[Stack]"]]>
              </value>
            </param>
          </params>
          <reporter-output>
          </reporter-output>
        </test-method> <!-- runScenario -->
        <test-method signature="runScenario(io.cucumber.testng.PickleWrapper,io.cucumber.testng.FeatureWrapper)[pri:0, instance:runner.testRunner@3e2055d6]" started-at="2023-05-22T11:32:32 CDT" name="runScenario" description="Runs Cucumber Scenarios" data-provider="scenarios" finished-at="2023-05-22T11:32:33 CDT" duration-ms="214" status="PASS">
          <params>
            <param index="0">
              <value>
                <![CDATA["User navigate back to selected Stack Topic Page and try Practice Question Page"]]>
              </value>
            </param>
            <param index="1">
              <value>
                <![CDATA["Optional[Stack]"]]>
              </value>
            </param>
          </params>
          <reporter-output>
          </reporter-output>
        </test-method> <!-- runScenario -->
        <test-method signature="runScenario(io.cucumber.testng.PickleWrapper,io.cucumber.testng.FeatureWrapper)[pri:0, instance:runner.testRunner@3e2055d6]" started-at="2023-05-22T11:32:33 CDT" name="runScenario" description="Runs Cucumber Scenarios" data-provider="scenarios" finished-at="2023-05-22T11:32:36 CDT" duration-ms="3530" status="PASS">
          <params>
            <param index="0">
              <value>
                <![CDATA["User navigate to Queue Page for selected Topic and click on Try Here button"]]>
              </value>
            </param>
            <param index="1">
              <value>
                <![CDATA["Optional[Queue]"]]>
              </value>
            </param>
          </params>
          <reporter-output>
          </reporter-output>
        </test-method> <!-- runScenario -->
        <test-method signature="runScenario(io.cucumber.testng.PickleWrapper,io.cucumber.testng.FeatureWrapper)[pri:0, instance:runner.testRunner@3e2055d6]" started-at="2023-05-22T11:32:36 CDT" name="runScenario" description="Runs Cucumber Scenarios" data-provider="scenarios" finished-at="2023-05-22T11:32:39 CDT" duration-ms="3300" status="PASS">
          <params>
            <param index="0">
              <value>
                <![CDATA["User click on Try Here button and enter valid and invalid python code in tryEditor for Queue"]]>
              </value>
            </param>
            <param index="1">
              <value>
                <![CDATA["Optional[Queue]"]]>
              </value>
            </param>
          </params>
          <reporter-output>
          </reporter-output>
        </test-method> <!-- runScenario -->
        <test-method signature="runScenario(io.cucumber.testng.PickleWrapper,io.cucumber.testng.FeatureWrapper)[pri:0, instance:runner.testRunner@3e2055d6]" started-at="2023-05-22T11:32:39 CDT" name="runScenario" description="Runs Cucumber Scenarios" data-provider="scenarios" finished-at="2023-05-22T11:32:43 CDT" duration-ms="3565" status="PASS">
          <params>
            <param index="0">
              <value>
                <![CDATA["User click on Try Here button and enter valid and invalid python code in tryEditor for Queue"]]>
              </value>
            </param>
            <param index="1">
              <value>
                <![CDATA["Optional[Queue]"]]>
              </value>
            </param>
          </params>
          <reporter-output>
          </reporter-output>
        </test-method> <!-- runScenario -->
        <test-method signature="runScenario(io.cucumber.testng.PickleWrapper,io.cucumber.testng.FeatureWrapper)[pri:0, instance:runner.testRunner@3e2055d6]" started-at="2023-05-22T11:32:43 CDT" name="runScenario" description="Runs Cucumber Scenarios" data-provider="scenarios" finished-at="2023-05-22T11:32:47 CDT" duration-ms="3616" status="PASS">
          <params>
            <param index="0">
              <value>
                <![CDATA["User click on Try Here button and enter valid and invalid python code in tryEditor for Queue"]]>
              </value>
            </param>
            <param index="1">
              <value>
                <![CDATA["Optional[Queue]"]]>
              </value>
            </param>
          </params>
          <reporter-output>
          </reporter-output>
        </test-method> <!-- runScenario -->
        <test-method signature="runScenario(io.cucumber.testng.PickleWrapper,io.cucumber.testng.FeatureWrapper)[pri:0, instance:runner.testRunner@3e2055d6]" started-at="2023-05-22T11:32:47 CDT" name="runScenario" description="Runs Cucumber Scenarios" data-provider="scenarios" finished-at="2023-05-22T11:32:50 CDT" duration-ms="3835" status="PASS">
          <params>
            <param index="0">
              <value>
                <![CDATA["User click on Try Here button and enter valid and invalid python code in tryEditor for Queue"]]>
              </value>
            </param>
            <param index="1">
              <value>
                <![CDATA["Optional[Queue]"]]>
              </value>
            </param>
          </params>
          <reporter-output>
          </reporter-output>
        </test-method> <!-- runScenario -->
        <test-method signature="runScenario(io.cucumber.testng.PickleWrapper,io.cucumber.testng.FeatureWrapper)[pri:0, instance:runner.testRunner@3e2055d6]" started-at="2023-05-22T11:32:50 CDT" name="runScenario" description="Runs Cucumber Scenarios" data-provider="scenarios" finished-at="2023-05-22T11:32:51 CDT" duration-ms="411" status="PASS">
          <params>
            <param index="0">
              <value>
                <![CDATA["User navigate back to selected Queue Topic Page and try Practice Question Page"]]>
              </value>
            </param>
            <param index="1">
              <value>
                <![CDATA["Optional[Queue]"]]>
              </value>
            </param>
          </params>
          <reporter-output>
          </reporter-output>
        </test-method> <!-- runScenario -->
        <test-method signature="runScenario(io.cucumber.testng.PickleWrapper,io.cucumber.testng.FeatureWrapper)[pri:0, instance:runner.testRunner@3e2055d6]" started-at="2023-05-22T11:32:51 CDT" name="runScenario" description="Runs Cucumber Scenarios" data-provider="scenarios" finished-at="2023-05-22T11:32:55 CDT" duration-ms="3709" status="PASS">
          <params>
            <param index="0">
              <value>
                <![CDATA["User navigate to Tree Page for selected Topic  and click on Try Here button"]]>
              </value>
            </param>
            <param index="1">
              <value>
                <![CDATA["Optional[Tree]"]]>
              </value>
            </param>
          </params>
          <reporter-output>
          </reporter-output>
        </test-method> <!-- runScenario -->
        <test-method signature="runScenario(io.cucumber.testng.PickleWrapper,io.cucumber.testng.FeatureWrapper)[pri:0, instance:runner.testRunner@3e2055d6]" started-at="2023-05-22T11:32:55 CDT" name="runScenario" description="Runs Cucumber Scenarios" data-provider="scenarios" finished-at="2023-05-22T11:32:59 CDT" duration-ms="4202" status="PASS">
          <params>
            <param index="0">
              <value>
                <![CDATA["User click on Try Here button and enter valid and invalid python code in tryEditor for Tree"]]>
              </value>
            </param>
            <param index="1">
              <value>
                <![CDATA["Optional[Tree]"]]>
              </value>
            </param>
          </params>
          <reporter-output>
          </reporter-output>
        </test-method> <!-- runScenario -->
        <test-method signature="runScenario(io.cucumber.testng.PickleWrapper,io.cucumber.testng.FeatureWrapper)[pri:0, instance:runner.testRunner@3e2055d6]" started-at="2023-05-22T11:32:59 CDT" name="runScenario" description="Runs Cucumber Scenarios" data-provider="scenarios" finished-at="2023-05-22T11:33:03 CDT" duration-ms="4007" status="PASS">
          <params>
            <param index="0">
              <value>
                <![CDATA["User click on Try Here button and enter valid and invalid python code in tryEditor for Tree"]]>
              </value>
            </param>
            <param index="1">
              <value>
                <![CDATA["Optional[Tree]"]]>
              </value>
            </param>
          </params>
          <reporter-output>
          </reporter-output>
        </test-method> <!-- runScenario -->
        <test-method signature="runScenario(io.cucumber.testng.PickleWrapper,io.cucumber.testng.FeatureWrapper)[pri:0, instance:runner.testRunner@3e2055d6]" started-at="2023-05-22T11:33:03 CDT" name="runScenario" description="Runs Cucumber Scenarios" data-provider="scenarios" finished-at="2023-05-22T11:33:07 CDT" duration-ms="4031" status="PASS">
          <params>
            <param index="0">
              <value>
                <![CDATA["User click on Try Here button and enter valid and invalid python code in tryEditor for Tree"]]>
              </value>
            </param>
            <param index="1">
              <value>
                <![CDATA["Optional[Tree]"]]>
              </value>
            </param>
          </params>
          <reporter-output>
          </reporter-output>
        </test-method> <!-- runScenario -->
        <test-method signature="runScenario(io.cucumber.testng.PickleWrapper,io.cucumber.testng.FeatureWrapper)[pri:0, instance:runner.testRunner@3e2055d6]" started-at="2023-05-22T11:33:07 CDT" name="runScenario" description="Runs Cucumber Scenarios" data-provider="scenarios" finished-at="2023-05-22T11:33:11 CDT" duration-ms="4193" status="PASS">
          <params>
            <param index="0">
              <value>
                <![CDATA["User click on Try Here button and enter valid and invalid python code in tryEditor for Tree"]]>
              </value>
            </param>
            <param index="1">
              <value>
                <![CDATA["Optional[Tree]"]]>
              </value>
            </param>
          </params>
          <reporter-output>
          </reporter-output>
        </test-method> <!-- runScenario -->
        <test-method signature="runScenario(io.cucumber.testng.PickleWrapper,io.cucumber.testng.FeatureWrapper)[pri:0, instance:runner.testRunner@3e2055d6]" started-at="2023-05-22T11:33:11 CDT" name="runScenario" description="Runs Cucumber Scenarios" data-provider="scenarios" finished-at="2023-05-22T11:33:15 CDT" duration-ms="4353" status="PASS">
          <params>
            <param index="0">
              <value>
                <![CDATA["User click on Try Here button and enter valid and invalid python code in tryEditor for Tree"]]>
              </value>
            </param>
            <param index="1">
              <value>
                <![CDATA["Optional[Tree]"]]>
              </value>
            </param>
          </params>
          <reporter-output>
          </reporter-output>
        </test-method> <!-- runScenario -->
        <test-method signature="runScenario(io.cucumber.testng.PickleWrapper,io.cucumber.testng.FeatureWrapper)[pri:0, instance:runner.testRunner@3e2055d6]" started-at="2023-05-22T11:33:15 CDT" name="runScenario" description="Runs Cucumber Scenarios" data-provider="scenarios" finished-at="2023-05-22T11:33:20 CDT" duration-ms="4276" status="PASS">
          <params>
            <param index="0">
              <value>
                <![CDATA["User click on Try Here button and enter valid and invalid python code in tryEditor for Tree"]]>
              </value>
            </param>
            <param index="1">
              <value>
                <![CDATA["Optional[Tree]"]]>
              </value>
            </param>
          </params>
          <reporter-output>
          </reporter-output>
        </test-method> <!-- runScenario -->
        <test-method signature="runScenario(io.cucumber.testng.PickleWrapper,io.cucumber.testng.FeatureWrapper)[pri:0, instance:runner.testRunner@3e2055d6]" started-at="2023-05-22T11:33:20 CDT" name="runScenario" description="Runs Cucumber Scenarios" data-provider="scenarios" finished-at="2023-05-22T11:33:24 CDT" duration-ms="4099" status="PASS">
          <params>
            <param index="0">
              <value>
                <![CDATA["User click on Try Here button and enter valid and invalid python code in tryEditor for Tree"]]>
              </value>
            </param>
            <param index="1">
              <value>
                <![CDATA["Optional[Tree]"]]>
              </value>
            </param>
          </params>
          <reporter-output>
          </reporter-output>
        </test-method> <!-- runScenario -->
        <test-method signature="runScenario(io.cucumber.testng.PickleWrapper,io.cucumber.testng.FeatureWrapper)[pri:0, instance:runner.testRunner@3e2055d6]" started-at="2023-05-22T11:33:24 CDT" name="runScenario" description="Runs Cucumber Scenarios" data-provider="scenarios" finished-at="2023-05-22T11:33:28 CDT" duration-ms="4117" status="PASS">
          <params>
            <param index="0">
              <value>
                <![CDATA["User click on Try Here button and enter valid and invalid python code in tryEditor for Tree"]]>
              </value>
            </param>
            <param index="1">
              <value>
                <![CDATA["Optional[Tree]"]]>
              </value>
            </param>
          </params>
          <reporter-output>
          </reporter-output>
        </test-method> <!-- runScenario -->
        <test-method signature="runScenario(io.cucumber.testng.PickleWrapper,io.cucumber.testng.FeatureWrapper)[pri:0, instance:runner.testRunner@3e2055d6]" started-at="2023-05-22T11:33:28 CDT" name="runScenario" description="Runs Cucumber Scenarios" data-provider="scenarios" finished-at="2023-05-22T11:33:32 CDT" duration-ms="4133" status="PASS">
          <params>
            <param index="0">
              <value>
                <![CDATA["User click on Try Here button and enter valid and invalid python code in tryEditor for Tree"]]>
              </value>
            </param>
            <param index="1">
              <value>
                <![CDATA["Optional[Tree]"]]>
              </value>
            </param>
          </params>
          <reporter-output>
          </reporter-output>
        </test-method> <!-- runScenario -->
        <test-method signature="runScenario(io.cucumber.testng.PickleWrapper,io.cucumber.testng.FeatureWrapper)[pri:0, instance:runner.testRunner@3e2055d6]" started-at="2023-05-22T11:33:32 CDT" name="runScenario" description="Runs Cucumber Scenarios" data-provider="scenarios" finished-at="2023-05-22T11:33:36 CDT" duration-ms="4176" status="PASS">
          <params>
            <param index="0">
              <value>
                <![CDATA["User click on Try Here button and enter valid and invalid python code in tryEditor for Tree"]]>
              </value>
            </param>
            <param index="1">
              <value>
                <![CDATA["Optional[Tree]"]]>
              </value>
            </param>
          </params>
          <reporter-output>
          </reporter-output>
        </test-method> <!-- runScenario -->
        <test-method signature="runScenario(io.cucumber.testng.PickleWrapper,io.cucumber.testng.FeatureWrapper)[pri:0, instance:runner.testRunner@3e2055d6]" started-at="2023-05-22T11:33:36 CDT" name="runScenario" description="Runs Cucumber Scenarios" data-provider="scenarios" finished-at="2023-05-22T11:33:40 CDT" duration-ms="4194" status="PASS">
          <params>
            <param index="0">
              <value>
                <![CDATA["User click on Try Here button and enter valid and invalid python code in tryEditor for Tree"]]>
              </value>
            </param>
            <param index="1">
              <value>
                <![CDATA["Optional[Tree]"]]>
              </value>
            </param>
          </params>
          <reporter-output>
          </reporter-output>
        </test-method> <!-- runScenario -->
        <test-method signature="runScenario(io.cucumber.testng.PickleWrapper,io.cucumber.testng.FeatureWrapper)[pri:0, instance:runner.testRunner@3e2055d6]" started-at="2023-05-22T11:33:40 CDT" name="runScenario" description="Runs Cucumber Scenarios" data-provider="scenarios" finished-at="2023-05-22T11:33:45 CDT" duration-ms="4998" status="PASS">
          <params>
            <param index="0">
              <value>
                <![CDATA["User click on Try Here button and enter valid and invalid python code in tryEditor for Tree"]]>
              </value>
            </param>
            <param index="1">
              <value>
                <![CDATA["Optional[Tree]"]]>
              </value>
            </param>
          </params>
          <reporter-output>
          </reporter-output>
        </test-method> <!-- runScenario -->
        <test-method signature="runScenario(io.cucumber.testng.PickleWrapper,io.cucumber.testng.FeatureWrapper)[pri:0, instance:runner.testRunner@3e2055d6]" started-at="2023-05-22T11:33:45 CDT" name="runScenario" description="Runs Cucumber Scenarios" data-provider="scenarios" finished-at="2023-05-22T11:33:50 CDT" duration-ms="4131" status="PASS">
          <params>
            <param index="0">
              <value>
                <![CDATA["User click on Try Here button and enter valid and invalid python code in tryEditor for Tree"]]>
              </value>
            </param>
            <param index="1">
              <value>
                <![CDATA["Optional[Tree]"]]>
              </value>
            </param>
          </params>
          <reporter-output>
          </reporter-output>
        </test-method> <!-- runScenario -->
        <test-method signature="runScenario(io.cucumber.testng.PickleWrapper,io.cucumber.testng.FeatureWrapper)[pri:0, instance:runner.testRunner@3e2055d6]" started-at="2023-05-22T11:33:50 CDT" name="runScenario" description="Runs Cucumber Scenarios" data-provider="scenarios" finished-at="2023-05-22T11:33:50 CDT" duration-ms="183" status="PASS">
          <params>
            <param index="0">
              <value>
                <![CDATA["User navigate back to selected Tree Topic Page and try Practice Question Page"]]>
              </value>
            </param>
            <param index="1">
              <value>
                <![CDATA["Optional[Tree]"]]>
              </value>
            </param>
          </params>
          <reporter-output>
          </reporter-output>
        </test-method> <!-- runScenario -->
        <test-method signature="runScenario(io.cucumber.testng.PickleWrapper,io.cucumber.testng.FeatureWrapper)[pri:0, instance:runner.testRunner@3e2055d6]" started-at="2023-05-22T11:33:50 CDT" name="runScenario" description="Runs Cucumber Scenarios" data-provider="scenarios" finished-at="2023-05-22T11:33:53 CDT" duration-ms="3492" status="PASS">
          <params>
            <param index="0">
              <value>
                <![CDATA["User navigate to Graph Page for selected Topic and click on Try Here button"]]>
              </value>
            </param>
            <param index="1">
              <value>
                <![CDATA["Optional[Graph]"]]>
              </value>
            </param>
          </params>
          <reporter-output>
          </reporter-output>
        </test-method> <!-- runScenario -->
        <test-method signature="runScenario(io.cucumber.testng.PickleWrapper,io.cucumber.testng.FeatureWrapper)[pri:0, instance:runner.testRunner@3e2055d6]" started-at="2023-05-22T11:33:53 CDT" name="runScenario" description="Runs Cucumber Scenarios" data-provider="scenarios" finished-at="2023-05-22T11:33:58 CDT" duration-ms="4975" status="PASS">
          <params>
            <param index="0">
              <value>
                <![CDATA["User click on Try Here button and enter valid and invalid python code in tryEditor for Graph"]]>
              </value>
            </param>
            <param index="1">
              <value>
                <![CDATA["Optional[Graph]"]]>
              </value>
            </param>
          </params>
          <reporter-output>
          </reporter-output>
        </test-method> <!-- runScenario -->
        <test-method signature="runScenario(io.cucumber.testng.PickleWrapper,io.cucumber.testng.FeatureWrapper)[pri:0, instance:runner.testRunner@3e2055d6]" started-at="2023-05-22T11:33:58 CDT" name="runScenario" description="Runs Cucumber Scenarios" data-provider="scenarios" finished-at="2023-05-22T11:34:03 CDT" duration-ms="4993" status="PASS">
          <params>
            <param index="0">
              <value>
                <![CDATA["User click on Try Here button and enter valid and invalid python code in tryEditor for Graph"]]>
              </value>
            </param>
            <param index="1">
              <value>
                <![CDATA["Optional[Graph]"]]>
              </value>
            </param>
          </params>
          <reporter-output>
          </reporter-output>
        </test-method> <!-- runScenario -->
        <test-method signature="runScenario(io.cucumber.testng.PickleWrapper,io.cucumber.testng.FeatureWrapper)[pri:0, instance:runner.testRunner@3e2055d6]" started-at="2023-05-22T11:34:03 CDT" name="runScenario" description="Runs Cucumber Scenarios" data-provider="scenarios" finished-at="2023-05-22T11:34:03 CDT" duration-ms="194" status="PASS">
          <params>
            <param index="0">
              <value>
                <![CDATA["User navigate back to selected Graph Topic Page and try Practice Question Page"]]>
              </value>
            </param>
            <param index="1">
              <value>
                <![CDATA["Optional[Graph]"]]>
              </value>
            </param>
          </params>
          <reporter-output>
          </reporter-output>
        </test-method> <!-- runScenario -->
        <test-method is-config="true" signature="tearDownClass()[pri:0, instance:runner.testRunner@3e2055d6]" started-at="2023-05-22T11:34:03 CDT" name="tearDownClass" finished-at="2023-05-22T11:34:04 CDT" duration-ms="377" status="PASS">
          <reporter-output>
          </reporter-output>
        </test-method> <!-- tearDownClass -->
      </class> <!-- runner.testRunner -->
    </test> <!-- Default test -->
  </suite> <!-- Default suite -->
</testng-results>
